\BOOKMARK [0][-]{chapter*.5}{\376\377\000P\000o\000d\001\033\000k\000o\000v\000\341\000n\000\355}{}% 1
\BOOKMARK [0][-]{chapter*.6}{\376\377\000P\000r\000o\000h\000l\000\341\001\141\000e\000n\000\355}{}% 2
\BOOKMARK [0][-]{chapter*.7}{\376\377\000A\000b\000s\000t\000r\000a\000k\000t}{}% 3
\BOOKMARK [0][-]{chapter*.8}{\376\377\000S\000e\000z\000n\000a\000m\000\040\000z\000k\000r\000a\000t\000e\000k}{}% 4
\BOOKMARK [0][-]{chapter.1}{\376\377\000U\000t\000\040\000e\000n\000i\000m\000\040\000a\000d\000\040\000m\000i\000n\000i\000m\000\040\000v\000e\000n\000i\000a\000m}{}% 5
\BOOKMARK [1][-]{section.1.1}{\376\377\000U\000t\000\040\000e\000n\000i\000m\000\040\000a\000d\000\040\000m\000i\000n\000i\000m\000\040\000v\000e\000n\000i\000a\000m}{chapter.1}% 6
\BOOKMARK [1][-]{section.1.2}{\376\377\000U\000t\000\040\000e\000n\000i\000m\000\040\000a\000d\000\040\000m\000i\000n\000i\000m\000\040\000v\000e\000n\000i\000a\000m}{chapter.1}% 7
\BOOKMARK [2][-]{subsection.1.2.1}{\376\377\000U\000t\000\040\000e\000n\000i\000m\000\040\000a\000d\000\040\000m\000i\000n\000i\000m\000\040\000v\000e\000n\000i\000a\000m}{section.1.2}% 8
\BOOKMARK [1][-]{section.1.3}{\376\377\000C\000l\000a\000s\000s\000\040\000a\000p\000t\000e\000n\000t\000\040\000t\000a\000c\000i\000t\000i}{chapter.1}% 9
\BOOKMARK [2][-]{subsection.1.3.1}{\376\377\000C\000l\000a\000s\000s\000\040\000a\000p\000t\000e\000n\000t\000\040\000t\000a\000c\000i\000t\000i}{section.1.3}% 10
\BOOKMARK [1][-]{section.1.4}{\376\377\000U\000t\000\040\000e\000n\000i\000m\000\040\000a\000d\000\040\000m\000i\000n\000i\000m\000\040\000v\000e\000n\000i\000a\000m\000,\000\040\000q\000u\000i\000s\000\040\000n\000o\000s\000t\000r\000u\000d}{chapter.1}% 11
\BOOKMARK [2][-]{subsection.1.4.1}{\376\377\000U\000t\000\040\000e\000n\000i\000m\000\040\000a\000d\000\040\000m\000i\000n\000i\000m\000\040\000v\000e\000n\000i\000a\000m\000,\000\040\000q\000u\000i\000s\000\040\000n\000o\000s\000t\000r\000u\000d}{section.1.4}% 12
\BOOKMARK [2][-]{subsection.1.4.2}{\376\377\000C\000l\000a\000s\000s\000\040\000a\000p\000t\000e\000n\000t\000\040\000t\000a\000c\000i\000t\000i\000\040\000s\000o\000c\000i\000o\000s\000q\000u}{section.1.4}% 13
\BOOKMARK [0][-]{chapter.2}{\376\377\000A\000n\000a\000l\000\375\000z\000a\000\040\000a\000\040\000n\000\341\000v\000r\000h}{}% 14
\BOOKMARK [0][-]{chapter.3}{\376\377\000L\000o\000r\000e\000m\000\040\000i\000p\000s\000u\000m}{}% 15
\BOOKMARK [1][-]{section.3.1}{\376\377\000D\000o\000n\000e\000c\000\040\000o\000d\000i\000o\000\040\000t\000e\000m\000p\000u\000s\000\040\000m\000o\000l\000e\000s\000t\000i\000e}{chapter.3}% 16
\BOOKMARK [2][-]{subsection.3.1.1}{\376\377\000C\000l\000a\000s\000s\000\040\000a\000p\000t\000e\000n\000t\000\040\000t\000a\000c\000i\000t\000i}{section.3.1}% 17
\BOOKMARK [1][-]{section.3.2}{\376\377\000L\000o\000r\000e\000m\000\040\000i\000p\000s\000u\000m\000\040\000d\000o\000l\000o\000r\000\040\000s\000i\000t\000\040\000a\000m\000e\000t}{chapter.3}% 18
\BOOKMARK [0][-]{appendix.A}{\376\377\000N\001\033\000j\000a\000k\000\341\000\040\000p\001\131\000\355\000l\000o\000h\000a}{}% 19
\BOOKMARK [0][-]{appendix*.12}{\376\377\000O\000b\000s\000a\000h\000\040\000p\001\131\000i\000l\000o\001\176\000e\000n\000\351\000h\000o\000\040\000m\000\351\000d\000i\000a}{}% 20
